<?xml version="1.0" encoding="UTF-8"?>
<testng-results skipped="0" failed="0" ignored="0" total="1" passed="1">
  <reporter-output>
  </reporter-output>
  <suite name="Default suite" duration-ms="38376" started-at="2020-06-09T12:04:15 WEST" finished-at="2020-06-09T12:04:53 WEST">
    <groups>
    </groups>
    <test name="Default test" duration-ms="38376" started-at="2020-06-09T12:04:15 WEST" finished-at="2020-06-09T12:04:53 WEST">
      <class name="Cas.Click">
        <test-method status="PASS" signature="Clicking()[pri:0, instance:Cas.Click@7f13d6e]" name="Clicking" duration-ms="38259" started-at="2020-06-09T12:04:15 WEST" finished-at="2020-06-09T12:04:53 WEST">
          <reporter-output>
          </reporter-output>
        </test-method> <!-- Clicking -->
      </class> <!-- Cas.Click -->
    </test> <!-- Default test -->
  </suite> <!-- Default suite -->
</testng-results>
